<?xml version="1.0" encoding="UTF-8"?>
<testsuite name="com.example.blog.IntegrationTests" tests="1" skipped="0" failures="0" errors="0" timestamp="2022-06-02T03:59:32" hostname="r34p3r-ThinkPad-P15-Gen-2i" time="0.374">
  <properties/>
  <testcase name="Assert blog page title, content and status code()" classname="com.example.blog.IntegrationTests" time="0.374"/>
  <system-out><![CDATA[20:59:29.856 [Test worker] DEBUG org.springframework.test.context.BootstrapUtils - Instantiating CacheAwareContextLoaderDelegate from class [org.springframework.test.context.cache.DefaultCacheAwareContextLoaderDelegate]
20:59:29.863 [Test worker] DEBUG org.springframework.test.context.BootstrapUtils - Instantiating BootstrapContext using constructor [public org.springframework.test.context.support.DefaultBootstrapContext(java.lang.Class,org.springframework.test.context.CacheAwareContextLoaderDelegate)]
20:59:29.881 [Test worker] DEBUG org.springframework.test.context.BootstrapUtils - Instantiating TestContextBootstrapper for test class [com.example.blog.IntegrationTests] from class [org.springframework.boot.test.context.SpringBootTestContextBootstrapper]
20:59:29.887 [Test worker] INFO org.springframework.boot.test.context.SpringBootTestContextBootstrapper - Neither @ContextConfiguration nor @ContextHierarchy found for test class [com.example.blog.IntegrationTests], using SpringBootContextLoader
20:59:29.889 [Test worker] DEBUG org.springframework.test.context.support.AbstractContextLoader - Did not detect default resource location for test class [com.example.blog.IntegrationTests]: class path resource [com/example/blog/IntegrationTests-context.xml] does not exist
20:59:29.890 [Test worker] DEBUG org.springframework.test.context.support.AbstractContextLoader - Did not detect default resource location for test class [com.example.blog.IntegrationTests]: class path resource [com/example/blog/IntegrationTestsContext.groovy] does not exist
20:59:29.890 [Test worker] INFO org.springframework.test.context.support.AbstractContextLoader - Could not detect default resource locations for test class [com.example.blog.IntegrationTests]: no resource found for suffixes {-context.xml, Context.groovy}.
20:59:29.890 [Test worker] INFO org.springframework.test.context.support.AnnotationConfigContextLoaderUtils - Could not detect default configuration classes for test class [com.example.blog.IntegrationTests]: IntegrationTests does not declare any static, non-private, non-final, nested classes annotated with @Configuration.
20:59:29.914 [Test worker] DEBUG org.springframework.test.context.support.ActiveProfilesUtils - Could not find an 'annotation declaring class' for annotation type [org.springframework.test.context.ActiveProfiles] and class [com.example.blog.IntegrationTests]
20:59:29.942 [Test worker] DEBUG org.springframework.context.annotation.ClassPathScanningCandidateComponentProvider - Identified candidate component class: file [/home/r34p3r/env_kotlin/krud/build/classes/kotlin/main/com/example/blog/BlogApplication.class]
20:59:29.946 [Test worker] INFO org.springframework.boot.test.context.SpringBootTestContextBootstrapper - Found @SpringBootConfiguration com.example.blog.BlogApplication for test class com.example.blog.IntegrationTests
20:59:29.994 [Test worker] DEBUG org.springframework.boot.test.context.SpringBootTestContextBootstrapper - @TestExecutionListeners is not present for class [com.example.blog.IntegrationTests]: using defaults.
20:59:29.994 [Test worker] INFO org.springframework.boot.test.context.SpringBootTestContextBootstrapper - Loaded default TestExecutionListener class names from location [META-INF/spring.factories]: [org.springframework.boot.test.autoconfigure.restdocs.RestDocsTestExecutionListener, org.springframework.boot.test.autoconfigure.web.client.MockRestServiceServerResetTestExecutionListener, org.springframework.boot.test.autoconfigure.web.servlet.MockMvcPrintOnlyOnFailureTestExecutionListener, org.springframework.boot.test.autoconfigure.web.servlet.WebDriverTestExecutionListener, org.springframework.boot.test.autoconfigure.webservices.client.MockWebServiceServerTestExecutionListener, org.springframework.boot.test.mock.mockito.MockitoTestExecutionListener, org.springframework.boot.test.mock.mockito.ResetMocksTestExecutionListener, org.springframework.test.context.web.ServletTestExecutionListener, org.springframework.test.context.support.DirtiesContextBeforeModesTestExecutionListener, org.springframework.test.context.event.ApplicationEventsTestExecutionListener, org.springframework.test.context.support.DependencyInjectionTestExecutionListener, org.springframework.test.context.support.DirtiesContextTestExecutionListener, org.springframework.test.context.transaction.TransactionalTestExecutionListener, org.springframework.test.context.jdbc.SqlScriptsTestExecutionListener, org.springframework.test.context.event.EventPublishingTestExecutionListener]
20:59:30.002 [Test worker] INFO org.springframework.boot.test.context.SpringBootTestContextBootstrapper - Using TestExecutionListeners: [org.springframework.test.context.web.ServletTestExecutionListener@5827af16, org.springframework.test.context.support.DirtiesContextBeforeModesTestExecutionListener@654d8173, org.springframework.test.context.event.ApplicationEventsTestExecutionListener@56c9bbd8, org.springframework.boot.test.mock.mockito.MockitoTestExecutionListener@630cb4a4, org.springframework.boot.test.autoconfigure.SpringBootDependencyInjectionTestExecutionListener@636e8cc, org.springframework.test.context.support.DirtiesContextTestExecutionListener@f79a760, org.springframework.test.context.transaction.TransactionalTestExecutionListener@14f5da2c, org.springframework.test.context.jdbc.SqlScriptsTestExecutionListener@12dae582, org.springframework.test.context.event.EventPublishingTestExecutionListener@239b0f9d, org.springframework.boot.test.autoconfigure.restdocs.RestDocsTestExecutionListener@619bfe29, org.springframework.boot.test.autoconfigure.web.client.MockRestServiceServerResetTestExecutionListener@5b057c8c, org.springframework.boot.test.autoconfigure.web.servlet.MockMvcPrintOnlyOnFailureTestExecutionListener@1eb6749b, org.springframework.boot.test.autoconfigure.web.servlet.WebDriverTestExecutionListener@652a7737, org.springframework.boot.test.autoconfigure.webservices.client.MockWebServiceServerTestExecutionListener@5b7ea70d, org.springframework.boot.test.mock.mockito.ResetMocksTestExecutionListener@2bef51f2]
20:59:30.004 [Test worker] DEBUG org.springframework.test.context.support.AbstractDirtiesContextTestExecutionListener - Before test class: context [DefaultTestContext@2b43529a testClass = IntegrationTests, testInstance = [null], testMethod = [null], testException = [null], mergedContextConfiguration = [WebMergedContextConfiguration@4264b240 testClass = IntegrationTests, locations = '{}', classes = '{class com.example.blog.BlogApplication}', contextInitializerClasses = '[]', activeProfiles = '{}', propertySourceLocations = '{}', propertySourceProperties = '{org.springframework.boot.test.context.SpringBootTestContextBootstrapper=true, server.port=0}', contextCustomizers = set[org.springframework.boot.test.autoconfigure.actuate.metrics.MetricsExportContextCustomizerFactory$DisableMetricExportContextCustomizer@7d446ed1, org.springframework.boot.test.autoconfigure.properties.PropertyMappingContextCustomizer@0, org.springframework.boot.test.autoconfigure.web.servlet.WebDriverContextCustomizerFactory$Customizer@338c99c8, org.springframework.boot.test.context.filter.ExcludeFilterContextCustomizer@2796aeae, org.springframework.boot.test.json.DuplicateJsonObjectContextCustomizerFactory$DuplicateJsonObjectContextCustomizer@70f02c32, org.springframework.boot.test.mock.mockito.MockitoContextCustomizer@0, org.springframework.boot.test.web.client.TestRestTemplateContextCustomizer@7582ff54, org.springframework.boot.test.context.SpringBootTestArgs@1, org.springframework.boot.test.context.SpringBootTestWebEnvironment@15ca7889], resourceBasePath = 'src/main/webapp', contextLoader = 'org.springframework.boot.test.context.SpringBootContextLoader', parent = [null]], attributes = map['org.springframework.test.context.web.ServletTestExecutionListener.activateListener' -> false]], class annotated with @DirtiesContext [false] with mode [null].
20:59:30.022 [Test worker] DEBUG org.springframework.test.context.support.TestPropertySourceUtils - Adding inlined properties to environment: {spring.jmx.enabled=false, org.springframework.boot.test.context.SpringBootTestContextBootstrapper=true, server.port=0}

  .   ____          _            __ _ _
 /\\ / ___'_ __ _ _(_)_ __  __ _ \ \ \ \
( ( )\___ | '_ | '_| | '_ \/ _` | \ \ \ \
 \\/  ___)| |_)| | | | | || (_| |  ) ) ) )
  '  |____| .__|_| |_|_| |_\__, | / / / /
 =========|_|==============|___/=/_/_/_/
 :: Spring Boot ::                (v2.4.4)

2022-06-01 20:59:30.182  INFO 2681962 --- [    Test worker] com.example.blog.IntegrationTests        : Starting IntegrationTests using Java 11.0.15 on r34p3r-ThinkPad-P15-Gen-2i with PID 2681962 (started by r34p3r in /home/r34p3r/env_kotlin/krud)
2022-06-01 20:59:30.184  INFO 2681962 --- [    Test worker] com.example.blog.IntegrationTests        : No active profile set, falling back to default profiles: default
2022-06-01 20:59:30.570  INFO 2681962 --- [    Test worker] .s.d.r.c.RepositoryConfigurationDelegate : Bootstrapping Spring Data JPA repositories in DEFAULT mode.
2022-06-01 20:59:30.578  INFO 2681962 --- [    Test worker] .s.d.r.c.RepositoryConfigurationDelegate : Finished Spring Data repository scanning in 3 ms. Found 0 JPA repository interfaces.
2022-06-01 20:59:30.926  INFO 2681962 --- [    Test worker] o.s.b.w.embedded.tomcat.TomcatWebServer  : Tomcat initialized with port(s): 0 (http)
2022-06-01 20:59:30.934  INFO 2681962 --- [    Test worker] o.apache.catalina.core.StandardService   : Starting service [Tomcat]
2022-06-01 20:59:30.934  INFO 2681962 --- [    Test worker] org.apache.catalina.core.StandardEngine  : Starting Servlet engine: [Apache Tomcat/9.0.44]
2022-06-01 20:59:30.987  INFO 2681962 --- [    Test worker] o.a.c.c.C.[Tomcat].[localhost].[/]       : Initializing Spring embedded WebApplicationContext
2022-06-01 20:59:30.987  INFO 2681962 --- [    Test worker] w.s.c.ServletWebServerApplicationContext : Root WebApplicationContext: initialization completed in 788 ms
2022-06-01 20:59:31.125  INFO 2681962 --- [    Test worker] com.zaxxer.hikari.HikariDataSource       : HikariPool-1 - Starting...
2022-06-01 20:59:31.234  INFO 2681962 --- [    Test worker] com.zaxxer.hikari.HikariDataSource       : HikariPool-1 - Start completed.
2022-06-01 20:59:31.278  INFO 2681962 --- [    Test worker] o.hibernate.jpa.internal.util.LogHelper  : HHH000204: Processing PersistenceUnitInfo [name: default]
2022-06-01 20:59:31.318  INFO 2681962 --- [    Test worker] org.hibernate.Version                    : HHH000412: Hibernate ORM core version 5.4.29.Final
2022-06-01 20:59:31.410  INFO 2681962 --- [    Test worker] o.hibernate.annotations.common.Version   : HCANN000001: Hibernate Commons Annotations {5.1.2.Final}
2022-06-01 20:59:31.489  INFO 2681962 --- [    Test worker] org.hibernate.dialect.Dialect            : HHH000400: Using dialect: org.hibernate.dialect.H2Dialect
2022-06-01 20:59:31.632  INFO 2681962 --- [    Test worker] o.h.e.t.j.p.i.JtaPlatformInitiator       : HHH000490: Using JtaPlatform implementation: [org.hibernate.engine.transaction.jta.platform.internal.NoJtaPlatform]
2022-06-01 20:59:31.638  INFO 2681962 --- [    Test worker] j.LocalContainerEntityManagerFactoryBean : Initialized JPA EntityManagerFactory for persistence unit 'default'
2022-06-01 20:59:31.717  WARN 2681962 --- [    Test worker] JpaBaseConfiguration$JpaWebConfiguration : spring.jpa.open-in-view is enabled by default. Therefore, database queries may be performed during view rendering. Explicitly configure spring.jpa.open-in-view to disable this warning
2022-06-01 20:59:31.885  INFO 2681962 --- [    Test worker] o.s.s.concurrent.ThreadPoolTaskExecutor  : Initializing ExecutorService 'applicationTaskExecutor'
2022-06-01 20:59:32.231  INFO 2681962 --- [    Test worker] o.s.b.w.embedded.tomcat.TomcatWebServer  : Tomcat started on port(s): 37851 (http) with context path ''
2022-06-01 20:59:32.241  INFO 2681962 --- [    Test worker] com.example.blog.IntegrationTests        : Started IntegrationTests in 2.216 seconds (JVM running for 2.804)
2022-06-01 20:59:32.522  INFO 2681962 --- [o-auto-1-exec-1] o.a.c.c.C.[Tomcat].[localhost].[/]       : Initializing Spring DispatcherServlet 'dispatcherServlet'
2022-06-01 20:59:32.522  INFO 2681962 --- [o-auto-1-exec-1] o.s.web.servlet.DispatcherServlet        : Initializing Servlet 'dispatcherServlet'
2022-06-01 20:59:32.523  INFO 2681962 --- [o-auto-1-exec-1] o.s.web.servlet.DispatcherServlet        : Completed initialization in 1 ms
]]></system-out>
  <system-err><![CDATA[]]></system-err>
</testsuite>
